mode: set
_/Users/animagus/workspace/pool/pool.go:16.52,25.2 3 1
_/Users/animagus/workspace/pool/pool.go:27.30,29.2 1 0
_/Users/animagus/workspace/pool/pool.go:32.22,33.31 1 1
_/Users/animagus/workspace/pool/pool.go:33.31,35.13 2 1
_/Users/animagus/workspace/pool/pool.go:35.13,37.8 2 1
_/Users/animagus/workspace/pool/pool.go:37.8,38.12 1 1
_/Users/animagus/workspace/pool/pool.go:39.25,40.12 1 0
_/Users/animagus/workspace/pool/pool.go:41.25,42.9 1 0
_/Users/animagus/workspace/pool/pool.go:49.23,51.2 1 0
